Arguments: 
  /usr/local/bin/node /usr/local/bin/yarn add webpack@4 wepback-dev-server@3 --dev

PATH: 
  /Users/xinchuanbang7/develop/flutter/bin:/usr/local/bin:/usr/bin:/bin:/usr/sbin:/sbin:/Library/Apple/usr/bin:/Users/xinchuanbang7/develop/flutter/bin:/Users/xinchuanbang7/Library/Android/sdk/platform-tools:/Users/xinchuanbang7/Library/Android/sdk/tools:/Users/xinchuanbang7/Library/Android/sdk/build-tools/30.0.1:/usr/local/mysql/bin:/usr/local/mysql/support-files:/Applications/dart-sdk/bin:/Users/xinchuanbang7/Library/Android/sdk/platform-tools:/Users/xinchuanbang7/Library/Android/sdk/tools:/Users/xinchuanbang7/Library/Android/sdk/build-tools/30.0.1:/usr/local/mysql/bin:/usr/local/mysql/support-files:/Applications/dart-sdk/bin

Yarn version: 
  1.22.4

Node version: 
  14.6.0

Platform: 
  darwin x64

Trace: 
  Error: https://registry.npm.taobao.org/wepback-dev-server: Not found
      at Request.params.callback [as _callback] (/usr/local/lib/node_modules/yarn/lib/cli.js:66987:18)
      at Request.self.callback (/usr/local/lib/node_modules/yarn/lib/cli.js:140748:22)
      at Request.emit (events.js:314:20)
      at Request.<anonymous> (/usr/local/lib/node_modules/yarn/lib/cli.js:141720:10)
      at Request.emit (events.js:314:20)
      at IncomingMessage.<anonymous> (/usr/local/lib/node_modules/yarn/lib/cli.js:141642:12)
      at Object.onceWrapper (events.js:420:28)
      at IncomingMessage.emit (events.js:326:22)
      at endReadableNT (_stream_readable.js:1244:12)
      at processTicksAndRejections (internal/process/task_queues.js:80:21)

npm manifest: 
  {
    "name": "c8mustache",
    "version": "1.0.0",
    "description": "",
    "main": "index.js",
    "scripts": {
      "test": "echo \"Error: no test specified\" && exit 1"
    },
    "author": "",
    "license": "ISC"
  }

yarn manifest: 
  No manifest

Lockfile: 
  No lockfile
